[debug] [2026-03-06T21:05:13.139Z] ----------------------------------------------------------------------
[debug] [2026-03-06T21:05:13.142Z] Command:       /nix/store/ixbb20farqh1f4fqbmsn6b1ixn8mc8ij-nodejs-20.18.1/bin/node /home/user/.global_modules/bin/firebase init
[debug] [2026-03-06T21:05:13.143Z] CLI Version:   15.9.0
[debug] [2026-03-06T21:05:13.143Z] Platform:      linux
[debug] [2026-03-06T21:05:13.144Z] Node Version:  v20.18.1
[debug] [2026-03-06T21:05:13.144Z] Time:          Fri Mar 06 2026 21:05:13 GMT+0000 (Coordinated Universal Time)
[debug] [2026-03-06T21:05:13.145Z] ----------------------------------------------------------------------
[debug] 
[debug] [2026-03-06T21:05:23.197Z] Checked if tokens are valid: true, expires at: 1772834707358
[debug] [2026-03-06T21:05:23.198Z] Checked if tokens are valid: true, expires at: 1772834707358
[debug] [2026-03-06T21:05:23.202Z] >>> [apiv2][query] GET https://monospace-pa.googleapis.com/v1/workspaces/mychart-67913297 [none]
[debug] [2026-03-06T21:05:24.074Z] <<< [apiv2][status] GET https://monospace-pa.googleapis.com/v1/workspaces/mychart-67913297 200
[debug] [2026-03-06T21:05:24.074Z] <<< [apiv2][body] GET https://monospace-pa.googleapis.com/v1/workspaces/mychart-67913297 {"workspaceId":"mychart-67913297","name":"ClinicPrep","workspaceRedirectUrl":"firebase-mychart-1772821200695.cluster-zsqzu5kebnaemxbyqrvoim2lxo.cloudworkstations.dev","status":"WORKSPACE_STATUS_RUNNING","lastAccessDatetime":"2026-03-06T20:48:57.468497Z","workspaceTemplate":"WORKSPACE_TEMPLATE_BLANK_WEB","owner":"SELF","serviceAccountEmail":"msp-5373401276560286928@monospace-3.iam.gserviceaccount.com","enableNix":true,"ownerEmail":"drsku6@gmail.com","workspaceImageUrl":"https://www.gstatic.com/monospace/231115/logo_nextjs.svg","templateArgs":"{\"language\":\"ts\",\"srcDir\":true,\"eslint\":true,\"app\":true,\"tailwind\":true,\"__agentic_workspace\":true}","templateRepoUrl":"file:///usr/local/monospace/templates/public/nextjs","workstationAccessToken":"eyJhbGciOiJSUzI1NiIsInR5cCI6IkpXVCJ9.eyJpc3MiOiJodHRwczovL2Nsb3VkLmdvb2dsZS5jb20vd29ya3N0YXRpb25zIiwiYXVkIjoiZmlyZWJhc2UtbXljaGFydC0xNzcyODIxMjAwNjk1LmNsdXN0ZXItenNxenU1a2VibmFlbXhieXFydm9pbTJseG8uY2xvdWR3b3Jrc3RhdGlvbnMuZGV2IiwiaWF0IjoxNzcyODMxMTI0LCJleHAiOjE3NzI5MTc1MjN9.M4dBsdu0yRDQKLkvw-UjOQ8lv9mY878iavC54p1Il1nrq52MTzTQtn203lOon2xWZTNLnkR9Zqo1nxCrGkRQBm727nUL-TBCV515UWTeuZsR8XpBw19pO6u8F2pxpL1Oo82xW8xJa4wGbJ7qNCvafLPK5KJA4KvsXfNOqffTTYN_1Yq8CjUCPAnXO5BFHP4mldwjosa6bZw-xs1jZAV44_fZ0ztbGmyorXJuQYF4oYmxAHTOVA7gDtaKN3pfLWjzqA0UKMHNImbjhtnPCzp0rwq2kX2I46HBRrAdg0bpBlpwFZwHTe0iMnAZt2Vq9N9e8oGbzybv4e7GIiejdIs5Hw","firebaseProjectId":"studio-5730762664-2e5bf"}
[info] 
     ######## #### ########  ######## ########     ###     ######  ########
     ##        ##  ##     ## ##       ##     ##  ##   ##  ##       ##
     ######    ##  ########  ######   ########  #########  ######  ######
     ##        ##  ##    ##  ##       ##     ## ##     ##       ## ##
     ##       #### ##     ## ######## ########  ##     ##  ######  ########

You're about to initialize a Firebase project in this directory:

  /home/user/mychart

Before we get started, keep in mind:

  * You are initializing within an existing Firebase project directory

